1.in 0.340808 22.1693 alpha: 30
0.345544 25 22.1702 0.175679 0.354428 25 22.1721 0.469459 0.350865 25 22.1611 0.447957 
1.in 0.336442 22.1693 alpha: 1
16.8702 24 22.1654 0.18174 15.6319 24 22.1296 0.483187 18.7147 24 22.1785 0.458792 
1.in 0.333521 22.1693 alpha: 2
12.8314 24 22.1753 0.184194 10.3655 24 22.1313 0.489351 14.9876 25 22.1638 0.464317 
1.in 0.335092 22.1693 alpha: 3
9.39223 24 22.1759 0.182655 8.57237 24 22.1233 0.491269 11.2185 24 22.1795 0.46511 
1.in 0.323494 22.1693 alpha: 4
8.3567 24 22.1775 0.183919 6.52256 24 22.1487 0.486421 9.35808 24 22.1683 0.464249 
1.in 0.331771 22.1693 alpha: 5
6.82149 24 22.1734 0.1823 5.22346 24 22.1624 0.490635 7.51121 24 22.1763 0.462977 
1.in 0.339169 22.1693 alpha: 6
5.42054 25 22.1977 0.181608 4.25982 24 22.1735 0.486343 7.00438 25 22.176 0.46112 
1.in 0.33349 22.1693 alpha: 10
4.00786 24 22.1923 0.182999 2.94169 25 22.2256 0.490105 4.4626 24 22.2098 0.461555 
1.in 0.324395 22.1693 alpha: 20
2.10064 26 22.3903 0.186965 1.71147 28 22.5003 0.485586 2.93406 24 22.2207 0.458424 
1.in 0.352034 22.1693 alpha: 30
1.69688 29 22.6019 0.184038 1.23776 32 23.0002 0.485757 1.76325 29 22.9075 0.465321 
1.in 0.336854 22.1693 alpha: 40
1.592 35 23.4231 0.183951 0.909479 34 23.2499 0.489662 1.71639 35 23.877 0.474337 
1.in 0.327202 22.1693 alpha: 45
1.44349 41 24.5618 0.185875 0.837916 34 23.3177 0.486279 1.77662 46 27.7032 0.49067 
1.in 0.324365 22.1693 alpha: 46
1.38854 43 25.2495 0.183828 0.791507 33 23.33 0.482689 1.7674 51 28.2208 0.502796 
1.in 0.336787 22.1693 alpha: 47
1.43736 52 26.1363 0.190761 0.800246 33 23.347 0.491695 1.84074 55 30.2683 0.50983 
1.in 0.343904 22.1693 alpha: 48
1.51481 51 27.5193 0.197227 0.779955 33 23.3572 0.484704 1.96868 60 30.6934 0.554106 
1.in 0.343703 22.1693 alpha: 49
2.24567 124 66.0145 0.278694 0.778008 33 23.3581 0.493042 2.55548 122 57.6847 0.78359 
1.in 0.337302 22.1693 alpha: 50
2.24793 124 66.0145 0.271715 0.800947 33 23.3581 0.485816 2.59493 122 57.6847 0.784031 
