1.in 5.63866 25.5182 alpha: 49
begin insert: 100000000
0 1000000 0.021702 17 15.5325 17.1134 434 19.1289 450 40.1681 549 
5000000 6000000 0.020944 51 26.5387 235.629 4267 241.627 4306 280.506 4526 
10000000 11000000 0.038426 87 40.473 236.967 4270 242.116 4309 280.674 4530 
15000000 16000000 0.022838 94 42.8236 113.804 2255 117.506 2280 155.413 2470 
20000000 21000000 0.040791 101 46.3761 740.3 13601 754.525 13765 837.794 14272 
25000000 26000000 0.029645 101 48.2149 906.653 16112 920.919 16276 1011.46 16811 
30000000 31000000 0.023318 101 49.0082 1227.69 20748 1243.21 20916 1339.73 21471 
35000000 36000000 0.035288 101 50.6629 1238.96 20838 1254.65 21006 1352.55 21562 
40000000 41000000 0.024476 101 50.883 1238.11 20847 1256.14 21016 1349.66 21572 
45000000 46000000 0.027808 101 52.4917 1238.6 20850 1253.97 21019 1351.63 21574 
50000000 51000000 0.023451 101 53.0474 1251.3 20932 1268.72 21101 1369.08 21657 
60000000 61000000 0.027714 104 55.9971 1246.81 20820 1262.34 20991 1360.1 21554 
70000000 71000000 0.038194 104 57.6634 153.811 2481 160.119 2523 207.899 2775 
80000000 81000000 0.030793 111 59.0992 166.094 2573 171.647 2616 217.847 2873 
90000000 91000000 0.051932 112 60.0774 126.407 2097 134.753 2156 186.632 2473 
100000000 101000000 0.028784 130 62.4442 97.9919 1640 106.284 1710 160.346 2063 
200000000 201000000 0.026835 155 69.9966 102.883 1638 110.774 1709 164.602 2068 
300000000 301000000 0.042782 155 73.5882 109.209 1686 118.747 1759 176.44 2132 
400000000 401000000 0.049687 167 77.4876 117.611 1731 126.967 1806 184.91 2183 
500000000 501000000 0.034188 175 77.5489 68.5838 1225 78.1073 1309 137.529 1740 
600000000 601000000 0.027887 180 77.6205 71.8048 1310 82.2203 1398 144.685 1841 
700000000 701000000 0.029704 180 77.6022 66.021 1260 76.0658 1349 138.174 1796 
800000000 801000000 0.031406 180 78.1065 75.4254 1489 86.6755 1589 150.043 2078 
900000000 901000000 0.026537 180 77.5936 70.5441 1395 81.6748 1495 145.049 1996 
begin insert: 100000000
0 1000000 0.005427 17 15.5196 1.23338 22 2.10394 30 12.0776 86 
5000000 6000000 0.005824 20 18.1447 1.95589 25 3.54112 33 18.3811 92 
10000000 11000000 0.005957 22 19.039 2.17032 26 4.00943 34 20.7693 94 
15000000 16000000 0.007994 22 19.5909 2.25496 26 4.22594 35 21.7765 95 
20000000 21000000 0.008378 23 19.994 2.28565 26 4.35304 35 22.2188 96 
25000000 26000000 0.008328 23 20.3056 2.28632 26 4.44235 35 22.5449 96 
30000000 31000000 0.009562 24 20.5664 2.27764 26 4.51849 36 22.8849 96 
35000000 36000000 0.009313 24 20.7882 2.26058 26 4.56865 36 23.1233 97 
40000000 41000000 0.010856 24 20.9792 2.22022 26 4.60103 36 23.3253 97 
45000000 46000000 0.010765 24 21.1484 2.18728 25 4.63482 36 23.5272 97 
50000000 51000000 0.011049 25 21.3 2.14302 25 4.66859 36 23.6487 97 
60000000 61000000 0.010939 25 21.5644 2.06758 25 4.70665 36 23.9123 98 
70000000 71000000 0.010618 25 21.7886 1.98216 24 4.7343 36 24.1073 98 
80000000 81000000 0.01279 26 21.9827 1.84461 24 4.75188 37 24.2619 99 
90000000 91000000 0.012924 26 22.1543 1.72471 23 4.77234 37 24.3562 99 
100000000 101000000 0.016184 35 22.39 1.60178 23 4.78819 37 24.4773 99 
200000000 201000000 0.019618 58 29.2908 1.53028 23 4.75134 37 24.4949 99 
300000000 301000000 0.016075 61 32.4065 1.53386 23 4.73599 37 24.4991 99 
400000000 401000000 0.019055 62 34.3204 1.53465 23 4.731 37 24.4464 99 
500000000 501000000 0.018595 63 35.6062 1.52937 23 4.72091 37 24.3686 99 
600000000 601000000 0.017735 64 36.5348 1.53405 23 4.72063 37 24.31 99 
700000000 701000000 0.024104 64 37.2475 1.53129 23 4.72587 37 24.295 99 
800000000 801000000 0.023246 65 37.8217 1.53543 23 4.71895 37 24.3275 99 
900000000 901000000 0.023166 65 38.286 1.53744 23 4.70521 37 24.2737 99 

