1.in 4.48185 25.5182 alpha: 30
0 1000000 0.021334 17 15.5325 0.188068 434 0.20767 450 0.426671 549 
10000000 11000000 0.044377 21 18.9809 0.600718 1343 0.634491 1362 0.912928 1494 
20000000 21000000 0.082406 22 19.9334 0.616093 1269 0.64845 1292 1.04847 1442 
30000000 31000000 0.103527 22 20.4919 1.02093 2045 1.08221 2075 1.61877 2282 
40000000 41000000 0.134819 23 20.8877 0.942189 1928 0.988509 1955 1.47976 2134 
50000000 51000000 0.171327 23 21.1926 0.90599 1831 0.958616 1867 1.50486 2077 
60000000 61000000 0.215984 23 21.475 0.973211 1965 1.02206 1996 1.56461 2187 
70000000 71000000 0.245376 23 21.6938 0.258574 499 0.286052 528 0.59233 698 
80000000 81000000 0.267136 24 21.8673 0.277259 528 0.304109 554 0.643432 741 
90000000 91000000 0.29815 25 22.0402 0.275691 513 0.304522 541 0.646622 732 
100000000 101000000 0.353452 25 22.1904 0.216842 412 0.243764 441 0.549894 621 
110000000 111000000 0.33716 25 22.3352 0.228011 429 0.255554 461 0.578363 650 
120000000 121000000 0.415125 25 22.4629 0.223294 416 0.251325 446 0.576797 632 
130000000 131000000 0.464564 25 22.5842 0.223072 420 0.250399 449 0.576578 641 
140000000 141000000 0.43998 25 22.6904 0.217467 412 0.247788 443 0.564513 624 
150000000 151000000 0.47521 25 22.7852 0.209975 402 0.243548 437 0.55696 616 
160000000 161000000 0.574867 25 22.8787 0.210846 395 0.240765 427 0.561425 609 
170000000 171000000 0.643381 25 22.9785 0.220503 411 0.246505 439 0.565863 618 
180000000 181000000 0.742337 25 23.0494 0.215198 403 0.244663 433 0.56875 619 
190000000 191000000 0.751068 25 23.1151 0.229604 416 0.25862 444 0.58965 629 
200000000 201000000 0.752192 25 23.2117 0.213775 410 0.24495 442 0.556835 625 
210000000 211000000 0.879467 26 23.2852 0.220244 414 0.248362 444 0.570953 635 
220000000 221000000 0.825683 26 23.3632 0.224105 423 0.254771 455 0.581011 653 
230000000 231000000 0.915797 26 23.426 0.21815 414 0.247882 446 0.582194 642 
240000000 241000000 0.864839 26 23.4966 0.22431 418 0.257121 451 0.567412 634 
250000000 251000000 1.01318 26 23.5622 0.218596 411 0.254372 452 0.579497 640 
260000000 261000000 1.17895 26 23.6255 0.214506 394 0.249723 423 0.573811 609 
270000000 271000000 1.25525 26 23.6876 0.231028 438 0.262692 471 0.605911 670 
280000000 281000000 1.37641 26 23.739 0.221107 422 0.256837 453 0.598035 651 
290000000 291000000 1.34839 26 23.792 0.254963 457 0.285177 488 0.62442 680 
300000000 301000000 1.22843 26 23.8414 0.245934 444 0.275749 476 0.628453 675 
310000000 311000000 1.29503 26 23.8845 0.246247 455 0.276515 486 0.631827 689 
320000000 321000000 1.28696 26 23.9321 0.237443 459 0.278277 504 0.629254 712 
330000000 331000000 1.56128 26 23.9786 0.244969 475 0.279068 509 0.627863 723 
340000000 341000000 1.43802 26 24.013 0.226624 437 0.255123 469 0.578508 667 
350000000 351000000 1.61666 26 24.0526 0.237881 444 0.265945 475 0.587152 664 
360000000 361000000 1.7193 26 24.0939 0.241369 447 0.272213 478 0.602216 669 
370000000 371000000 1.89828 27 24.1311 0.241846 457 0.276517 488 0.632211 689 
380000000 381000000 1.81622 26 24.1649 0.234701 434 0.268448 468 0.613808 664 
390000000 391000000 1.83827 26 24.2018 0.242306 463 0.273735 497 0.624593 698 
400000000 401000000 2.04835 26 24.2328 0.224793 430 0.260087 464 0.59715 661 
410000000 411000000 2.10605 27 24.2724 0.229366 433 0.259788 464 0.599352 664 
420000000 421000000 2.0118 26 24.2966 0.243078 451 0.274692 486 0.617984 685 
430000000 431000000 2.09282 27 24.3326 0.230354 428 0.261925 459 0.598776 656 
440000000 441000000 2.19644 27 24.3696 0.23067 427 0.265376 461 0.614125 662 
450000000 451000000 2.27044 27 24.3941 0.237405 432 0.269278 464 0.620381 662 
460000000 461000000 2.11563 27 24.421 0.245526 444 0.273765 475 0.604621 667 
470000000 471000000 2.48309 27 24.457 0.20595 380 0.241128 415 0.568421 616 
480000000 481000000 2.48287 27 24.4774 0.212765 389 0.24797 425 0.575163 624 
490000000 491000000 2.52351 27 24.5128 0.188297 343 0.222854 376 0.550218 577 
500000000 501000000 2.19226 27 24.5434 0.176802 329 0.210232 361 0.535502 560 
510000000 511000000 2.4802 27 24.5662 0.182204 331 0.212805 364 0.54524 572 
520000000 521000000 2.20301 27 24.5946 0.189125 343 0.220923 375 0.550636 572 
530000000 531000000 2.57687 27 24.6211 0.185205 337 0.217373 369 0.556794 578 
540000000 541000000 2.36961 27 24.6528 0.176252 326 0.209724 360 0.537914 564 
550000000 551000000 2.53215 27 24.6791 0.185336 331 0.221543 364 0.550659 566 
560000000 561000000 2.94333 27 24.6969 0.189123 344 0.224134 377 0.564579 578 
570000000 571000000 2.81052 27 24.7232 0.17692 327 0.212142 362 0.538496 571 
580000000 581000000 2.90219 27 24.7467 0.188207 331 0.220582 364 0.546579 565 
590000000 591000000 2.57534 27 24.7631 0.190336 339 0.225957 373 0.569428 580 
600000000 601000000 3.08427 27 24.7909 0.187469 339 0.223203 373 0.568072 588 
610000000 611000000 3.20935 27 24.8157 0.184094 332 0.221214 367 0.552422 568 
620000000 621000000 3.10746 27 24.8388 0.183577 330 0.218345 365 0.550246 570 
630000000 631000000 2.69199 27 24.8674 0.193636 340 0.228156 373 0.56134 572 
640000000 641000000 2.91068 27 24.8779 0.190606 344 0.227997 378 0.563175 587 
650000000 651000000 3.1949 27 24.9033 0.205862 366 0.243195 400 0.584837 606 
660000000 661000000 3.16973 27 24.9311 0.202397 357 0.238302 392 0.576419 594 
670000000 671000000 3.2243 27 24.9427 0.211966 369 0.2497 404 0.603429 613 
680000000 681000000 3.32098 27 24.9704 0.199798 353 0.239462 387 0.587208 597 
690000000 691000000 3.04034 27 24.9798 0.199412 350 0.237933 385 0.56333 581 
700000000 701000000 3.30152 27 25.0019 0.197759 341 0.2363 379 0.580745 591 
710000000 711000000 2.99118 27 25.0228 0.20274 363 0.242066 399 0.596054 611 
720000000 721000000 3.01042 27 25.0531 0.234478 404 0.279063 443 0.67372 669 
730000000 731000000 3.40832 27 25.0771 0.233538 406 0.279508 447 0.67808 677 
740000000 741000000 3.6508 27 25.0898 0.227996 395 0.270786 434 0.671005 663 
750000000 751000000 4.0228 27 25.106 0.213237 370 0.258907 411 0.652458 632 
760000000 761000000 3.54806 27 25.1195 0.215214 373 0.259433 413 0.641808 639 
770000000 771000000 3.87609 27 25.1419 0.227638 397 0.269772 437 0.68071 671 
780000000 781000000 3.80743 27 25.1537 0.214678 376 0.260946 424 0.669997 654 
790000000 791000000 3.75627 27 25.1931 0.217515 377 0.260335 419 0.648638 653 
800000000 801000000 4.02384 28 25.1973 0.219178 384 0.266201 426 0.667797 666 
810000000 811000000 3.93771 28 25.2246 0.23296 412 0.285764 460 0.702496 695 
820000000 821000000 4.01028 28 25.2396 0.230658 410 0.279092 452 0.697838 697 
830000000 831000000 4.04476 28 25.2536 0.226668 392 0.27564 435 0.677382 673 
840000000 841000000 4.13266 28 25.2623 0.220218 379 0.273647 435 0.683123 677 
850000000 851000000 3.55499 28 25.2888 0.225263 391 0.271154 432 0.666119 666 
860000000 861000000 4.26508 28 25.3093 0.232858 392 0.282061 433 0.690876 660 
870000000 871000000 4.49762 28 25.3241 0.231542 403 0.28216 446 0.688265 677 
880000000 881000000 4.37868 28 25.3399 0.229951 408 0.279447 451 0.702654 696 
890000000 891000000 4.40421 28 25.3548 0.23356 404 0.281289 447 0.690348 685 
900000000 901000000 4.38976 28 25.3712 0.208734 369 0.258627 412 0.657401 662 
910000000 911000000 3.82003 28 25.3826 0.21881 382 0.266621 425 0.676498 661 
920000000 921000000 4.51035 28 25.4054 0.224207 383 0.274015 424 0.672851 668 
930000000 931000000 4.5788 28 25.4199 0.219952 381 0.27279 432 0.684632 662 
940000000 941000000 4.66287 28 25.4341 0.224087 387 0.27665 437 0.68953 675 
950000000 951000000 4.69565 28 25.4521 0.207918 358 0.255968 402 0.635413 631 
960000000 961000000 4.7556 28 25.4624 0.221536 384 0.270858 428 0.688428 670 
970000000 971000000 4.55569 28 25.4792 0.144276 231 0.180873 266 0.469865 452 
980000000 981000000 3.92144 28 25.4991 0.142259 228 0.179749 263 0.467174 454 
990000000 991000000 4.83753 28 25.5162 0.142535 228 0.181653 263 0.466768 454 

1.in 4.41155 25.5182 alpha: 1
0 1000000 0.008354 17 15.5325 0.192993 434 0.221656 450 0.437159 549 
10000000 11000000 0.065613 21 18.9916 0.596314 1317 0.6338 1337 0.916641 1471 
20000000 21000000 0.09331 22 19.9238 0.620767 1278 0.66159 1301 1.081 1466 
30000000 31000000 0.142671 22 20.4872 1.12399 2201 1.20751 2228 1.76235 2427 
40000000 41000000 0.197102 23 20.9 1.24903 2452 1.33004 2476 1.83112 2659 
50000000 51000000 0.233815 23 21.2023 1.19878 2301 1.28348 2336 1.87542 2551 
60000000 61000000 0.170177 23 21.476 1.1071 2159 1.18119 2185 1.69349 2370 
70000000 71000000 0.202497 24 21.7066 0.442623 793 0.470869 820 0.829517 1009 
80000000 81000000 0.150642 24 21.9031 0.44158 800 0.468142 826 0.831285 1025 
90000000 91000000 0.272805 24 22.0402 0.320112 594 0.353477 625 0.703462 826 
100000000 101000000 0.441283 24 22.1954 0.232396 426 0.266455 456 0.590636 635 
110000000 111000000 0.474108 25 22.3243 0.229105 434 0.260901 463 0.584457 644 
120000000 121000000 0.519627 24 22.4588 0.253498 467 0.28601 497 0.618888 688 
130000000 131000000 0.144913 25 22.5855 0.273926 518 0.306474 553 0.622861 740 
140000000 141000000 0.532199 25 22.6939 0.254945 470 0.285396 500 0.617359 689 
150000000 151000000 0.434758 25 22.7869 0.234957 446 0.264557 476 0.574703 661 
160000000 161000000 0.117718 25 22.8813 0.295425 542 0.323671 571 0.642952 758 
170000000 171000000 0.378526 25 22.962 0.241544 449 0.269059 478 0.588737 661 
180000000 181000000 0.687076 26 23.0288 0.228016 421 0.259667 450 0.591155 639 
190000000 191000000 0.463336 26 23.1157 0.222639 422 0.258046 453 0.588372 646 
200000000 201000000 0.184145 25 23.1869 0.237251 432 0.269834 465 0.591664 649 
210000000 211000000 0.367438 25 23.2566 0.236624 433 0.270306 467 0.591666 650 
220000000 221000000 0.258414 25 23.3278 0.220137 412 0.251596 441 0.566869 624 
230000000 231000000 0.330016 25 23.3932 0.232606 431 0.265838 463 0.595601 650 
240000000 241000000 0.195457 25 23.4584 0.233405 426 0.26268 455 0.582983 632 
250000000 251000000 0.514211 25 23.5206 0.249277 448 0.277793 478 0.608424 659 
260000000 261000000 0.739659 26 23.5731 0.214891 411 0.24564 443 0.569497 632 
270000000 271000000 1.11328 26 23.6314 0.251675 454 0.281824 486 0.615646 680 
280000000 281000000 1.11309 26 23.6778 0.265181 472 0.293299 502 0.628731 691 
290000000 291000000 0.383411 26 23.7311 0.242505 450 0.278776 488 0.620539 685 
300000000 301000000 0.660589 26 23.7758 0.269707 484 0.303885 517 0.646448 707 
310000000 311000000 0.338213 26 23.822 0.256063 474 0.29224 508 0.63736 710 
320000000 321000000 1.17722 26 23.8651 0.249042 455 0.282341 486 0.615738 679 
330000000 331000000 0.308586 26 23.9073 0.246583 456 0.280283 486 0.604257 668 
340000000 341000000 0.558248 27 23.9439 0.24974 458 0.284327 492 0.615623 678 
350000000 351000000 0.287336 26 23.9805 0.23714 440 0.268947 471 0.607828 677 
360000000 361000000 0.118926 27 24.0227 0.235963 435 0.266907 468 0.605001 674 
370000000 371000000 0.13152 26 24.0592 0.22762 421 0.262137 454 0.592757 646 
380000000 381000000 0.163792 26 24.1025 0.232239 430 0.268895 460 0.606616 644 
390000000 391000000 0.528568 26 24.136 0.244358 445 0.277769 479 0.610462 662 
400000000 401000000 1.58277 27 24.1904 0.241334 452 0.280422 492 0.631894 696 
410000000 411000000 0.830584 27 24.2093 0.239116 433 0.27171 463 0.6094 650 
420000000 421000000 0.212849 26 24.2482 0.236608 432 0.26942 465 0.612294 655 
430000000 431000000 0.497805 27 24.2782 0.274014 490 0.30694 520 0.63037 702 
440000000 441000000 0.513042 26 24.3138 0.231139 431 0.264658 460 0.595001 643 
450000000 451000000 0.504393 27 24.3529 0.229745 434 0.265812 463 0.59285 645 
460000000 461000000 1.70039 27 24.3844 0.245532 456 0.28151 487 0.601418 669 
470000000 471000000 1.36317 27 24.4378 0.211179 394 0.249128 429 0.585262 633 
480000000 481000000 0.275015 27 24.4444 0.230741 416 0.269309 449 0.614547 652 
490000000 491000000 0.243134 27 24.4744 0.206894 370 0.245913 404 0.577764 607 
500000000 501000000 0.407749 27 24.5094 0.178018 329 0.216815 362 0.533719 563 
510000000 511000000 0.298657 27 24.5425 0.180761 330 0.216145 363 0.534335 562 
520000000 521000000 0.51685 27 24.57 0.18003 328 0.215161 364 0.55069 569 
530000000 531000000 0.196103 27 24.6015 0.179711 329 0.216336 366 0.552114 572 
540000000 541000000 0.459151 27 24.6269 0.177444 329 0.217568 365 0.551941 572 
550000000 551000000 0.321301 27 24.656 0.176618 328 0.215319 361 0.551368 562 
560000000 561000000 0.205503 27 24.681 0.174051 324 0.207349 356 0.535947 557 
570000000 571000000 0.72024 27 24.7049 0.171792 325 0.207213 357 0.533044 559 
580000000 581000000 0.289911 27 24.7304 0.192223 345 0.228519 378 0.568798 590 
590000000 591000000 0.181075 27 24.7567 0.185028 337 0.222283 372 0.569473 587 
600000000 601000000 0.835689 27 24.7735 0.187103 347 0.221677 381 0.560949 589 
610000000 611000000 0.105315 27 24.8002 0.185857 346 0.22177 381 0.562549 589 
620000000 621000000 3.48021 27 24.8402 0.193424 346 0.23077 379 0.576005 592 
630000000 631000000 0.234819 28 24.8412 0.181126 330 0.220626 364 0.56631 568 
640000000 641000000 0.341846 27 24.8627 0.196782 354 0.232323 388 0.581365 594 
650000000 651000000 0.780513 27 24.8886 0.200706 360 0.237903 396 0.594435 607 
660000000 661000000 0.717908 28 24.912 0.199638 361 0.236769 397 0.585445 613 
670000000 671000000 2.93539 27 24.937 0.19823 340 0.234673 374 0.553888 571 
680000000 681000000 0.290544 28 24.9462 0.203961 365 0.242647 399 0.595017 606 
690000000 691000000 0.190486 28 24.965 0.202785 365 0.24195 399 0.594942 605 
700000000 701000000 0.135683 28 24.985 0.202342 364 0.241075 398 0.592177 603 
710000000 711000000 0.186005 27 25.0027 0.199775 362 0.242713 397 0.590508 612 
720000000 721000000 0.266504 27 25.0192 0.231961 400 0.278229 439 0.66108 665 
730000000 731000000 0.349623 27 25.0339 0.230892 401 0.277707 440 0.66019 663 
740000000 741000000 0.461599 28 25.0537 0.217093 388 0.262321 427 0.642313 653 
750000000 751000000 0.188552 28 25.0694 0.212825 369 0.258646 415 0.663823 651 
760000000 761000000 1.3283 28 25.1004 0.211573 387 0.257188 426 0.643275 667 
770000000 771000000 0.449751 28 25.1097 0.214925 381 0.259456 422 0.648121 655 
780000000 781000000 0.36365 28 25.1274 0.211429 364 0.255816 403 0.642793 620 
790000000 791000000 1.12246 28 25.1607 0.215517 367 0.262335 413 0.660282 648 
800000000 801000000 0.928202 28 25.1767 0.21189 367 0.263507 413 0.659127 648 
810000000 811000000 0.937149 28 25.1961 0.222652 377 0.270275 423 0.669134 660 
820000000 821000000 1.63566 28 25.2059 0.213234 377 0.262559 420 0.643993 661 
830000000 831000000 0.641881 28 25.2267 0.216324 381 0.264343 424 0.645535 667 
840000000 841000000 2.59094 28 25.2711 0.215997 378 0.261428 420 0.640231 663 
850000000 851000000 2.32723 28 25.2914 0.232461 413 0.282803 458 0.685423 713 
860000000 861000000 0.482316 28 25.2806 0.233129 395 0.280678 435 0.687423 668 
870000000 871000000 0.311114 28 25.3023 0.22461 389 0.27393 430 0.682872 662 
880000000 881000000 0.705795 28 25.3216 0.225646 391 0.275623 432 0.686294 666 
890000000 891000000 1.50799 28 25.3315 0.219513 375 0.268297 418 0.653444 648 
900000000 901000000 0.258428 28 25.3476 0.210016 363 0.25779 405 0.637781 633 
910000000 911000000 0.504142 28 25.3656 0.209972 363 0.257321 405 0.636405 634 
920000000 921000000 1.45859 28 25.3852 0.217577 378 0.268083 424 0.67754 660 
930000000 931000000 0.576582 28 25.4008 0.214978 378 0.267405 424 0.678027 660 
940000000 941000000 0.161594 28 25.414 0.216109 379 0.26889 426 0.686533 662 
950000000 951000000 0.178527 28 25.4322 0.209381 373 0.264997 419 0.675538 654 
960000000 961000000 0.276229 28 25.4483 0.206265 352 0.25692 398 0.658033 626 
970000000 971000000 0.181837 28 25.4656 0.137419 228 0.176339 262 0.4587 452 
980000000 981000000 0.775588 28 25.4814 0.136663 228 0.17814 263 0.462883 452 
990000000 991000000 0.23758 28 25.4951 0.137752 228 0.175782 263 0.458597 452 

1.in 4.49461 25.5182 alpha: 2
0 1000000 0.009195 17 15.5325 0.193374 434 0.219684 450 0.432868 549 
10000000 11000000 0.072537 21 18.9916 0.6058 1317 0.636993 1337 0.921505 1471 
20000000 21000000 0.10232 21 19.9205 0.618795 1273 0.653603 1297 1.08831 1472 
30000000 31000000 0.17608 22 20.5112 1.76662 3216 1.8545 3241 2.31352 3409 
40000000 41000000 0.196208 23 20.8917 0.931795 1833 0.976814 1856 1.45555 2026 
50000000 51000000 0.246757 23 21.1937 0.979486 1943 1.03427 1971 1.58038 2180 
60000000 61000000 0.139748 23 21.4695 1.10266 2111 1.16715 2138 1.76765 2341 
70000000 71000000 0.092978 24 21.711 0.374315 675 0.401482 701 0.73004 874 
80000000 81000000 0.360207 24 21.9143 0.386314 704 0.419408 733 0.761232 921 
90000000 91000000 0.235851 24 22.0347 0.286479 525 0.316443 554 0.674779 754 
100000000 101000000 0.054706 24 22.1834 0.254584 458 0.280973 488 0.588272 663 
110000000 111000000 0.141691 24 22.3258 0.242594 446 0.273011 475 0.584653 649 
120000000 121000000 0.488936 24 22.4566 0.256898 471 0.288216 504 0.620975 690 
130000000 131000000 0.588021 25 22.58 0.230268 419 0.260976 449 0.58823 640 
140000000 141000000 0.129838 25 22.6901 0.267798 493 0.298751 524 0.627871 711 
150000000 151000000 0.609457 25 22.7907 0.263279 478 0.292114 508 0.618175 697 
160000000 161000000 0.158773 25 22.8819 0.284307 516 0.312808 546 0.637641 732 
170000000 171000000 0.09024 25 22.9627 0.274819 496 0.305465 527 0.641854 718 
180000000 181000000 0.084007 25 23.0343 0.258516 474 0.289182 504 0.622061 693 
190000000 191000000 0.136685 25 23.1027 0.234548 431 0.265623 461 0.59463 650 
200000000 201000000 0.107341 25 23.185 0.228309 413 0.257424 444 0.584747 635 
210000000 211000000 0.349016 26 23.2554 0.23982 437 0.271134 467 0.603895 659 
220000000 221000000 0.12556 26 23.3269 0.242495 447 0.278084 478 0.612965 669 
230000000 231000000 0.093407 26 23.3908 0.265392 479 0.294858 509 0.639953 704 
240000000 241000000 0.247273 26 23.4566 0.253729 450 0.283756 479 0.605359 658 
250000000 251000000 0.16879 26 23.5189 0.254198 452 0.285818 484 0.62163 672 
260000000 261000000 0.952758 25 23.581 0.242298 435 0.274792 464 0.604705 647 
270000000 271000000 0.103344 26 23.6355 0.235451 423 0.264756 453 0.583479 636 
280000000 281000000 0.327519 26 23.6829 0.261478 470 0.293868 501 0.629382 693 
290000000 291000000 0.6894 26 23.7354 0.274572 483 0.304578 513 0.658716 710 
300000000 301000000 0.100245 26 23.7826 0.263615 476 0.295071 508 0.641358 710 
310000000 311000000 0.190701 26 23.8268 0.262474 476 0.30065 510 0.649726 702 
320000000 321000000 0.139687 26 23.8685 0.254618 465 0.291315 498 0.642015 698 
330000000 331000000 0.058485 26 23.9205 0.226504 411 0.257512 440 0.58345 644 
340000000 341000000 0.074935 26 23.9528 0.229348 414 0.25608 443 0.580825 646 
350000000 351000000 0.182642 26 23.9959 0.240094 434 0.267917 463 0.596018 664 
360000000 361000000 1.24484 26 24.0325 0.238221 437 0.273513 473 0.616582 666 
370000000 371000000 0.085515 26 24.0719 0.234096 441 0.271702 473 0.617875 674 
380000000 381000000 0.121393 27 24.1065 0.236552 440 0.270113 471 0.597711 661 
390000000 391000000 0.275 26 24.1406 0.235067 438 0.27072 468 0.618033 670 
400000000 401000000 0.12724 26 24.1786 0.237098 439 0.271008 469 0.620806 672 
410000000 411000000 0.469113 27 24.2152 0.245261 443 0.278425 475 0.616459 673 
420000000 421000000 0.255687 26 24.2532 0.237308 440 0.274002 471 0.625179 674 
430000000 431000000 0.125651 27 24.2839 0.242952 443 0.27743 472 0.628828 662 
440000000 441000000 0.067553 27 24.3135 0.253918 463 0.291448 492 0.635573 681 
450000000 451000000 0.082191 27 24.3511 0.234376 431 0.268382 460 0.618265 651 
460000000 461000000 0.190033 27 24.3846 0.235676 428 0.267823 457 0.599831 643 
470000000 471000000 0.675227 27 24.4184 0.212811 387 0.244276 420 0.57518 617 
480000000 481000000 0.307358 27 24.4439 0.214767 387 0.252486 420 0.595294 627 
490000000 491000000 0.226789 27 24.4704 0.206963 371 0.244344 403 0.574037 598 
500000000 501000000 0.074552 27 24.5037 0.181777 334 0.217549 366 0.538697 559 
510000000 511000000 0.163433 27 24.5348 0.18446 335 0.218393 368 0.538019 561 
520000000 521000000 0.210134 27 24.5693 0.171991 308 0.206068 341 0.522596 534 
530000000 531000000 0.125852 27 24.6008 0.169956 308 0.205704 341 0.525092 534 
540000000 541000000 0.085928 27 24.6335 0.16943 308 0.205007 340 0.520947 534 
550000000 551000000 0.16291 27 24.6619 0.171836 309 0.204352 340 0.520843 534 
560000000 561000000 0.109993 27 24.685 0.174519 314 0.208376 345 0.529848 542 
570000000 571000000 3.28873 27 24.7206 0.192469 343 0.224929 375 0.552434 574 
580000000 581000000 0.138632 27 24.7298 0.185937 347 0.223142 384 0.564767 608 
590000000 591000000 1.60903 27 24.7824 0.187734 338 0.226957 372 0.578741 579 
600000000 601000000 0.3322 27 24.7799 0.190807 342 0.229756 375 0.562347 570 
610000000 611000000 0.225271 27 24.8006 0.19109 340 0.227911 373 0.562332 569 
620000000 621000000 0.091682 27 24.8231 0.191703 340 0.22943 374 0.561601 571 
630000000 631000000 0.104188 27 24.8425 0.189389 337 0.227016 371 0.563889 568 
640000000 641000000 0.445475 27 24.8663 0.195605 346 0.232921 379 0.569191 576 
650000000 651000000 0.067101 27 24.8832 0.200961 349 0.236816 382 0.569443 580 
660000000 661000000 0.207831 27 24.9062 0.196245 344 0.233375 377 0.565617 576 
670000000 671000000 0.07412 27 24.9298 0.19418 343 0.233154 377 0.563703 574 
680000000 681000000 0.18939 27 24.9453 0.195743 343 0.23241 376 0.564004 574 
690000000 691000000 0.17712 27 24.9634 0.19432 348 0.235815 383 0.581797 592 
700000000 701000000 0.10254 27 24.9869 0.191143 348 0.233786 382 0.582856 592 
710000000 711000000 0.115289 27 25.0048 0.196086 348 0.237034 385 0.574488 586 
720000000 721000000 0.096695 27 25.0211 0.229507 406 0.275545 445 0.657543 672 
730000000 731000000 0.33238 28 25.0373 0.229285 408 0.27487 446 0.662001 673 
740000000 741000000 0.264284 28 25.0551 0.227229 394 0.270874 434 0.660673 664 
750000000 751000000 0.158401 28 25.0719 0.215522 365 0.259704 404 0.649513 636 
760000000 761000000 0.311868 27 25.0873 0.224577 391 0.27368 435 0.66947 660 
770000000 771000000 0.321804 27 25.1069 0.217578 379 0.2682 430 0.664287 666 
780000000 781000000 0.155062 27 25.116 0.215273 378 0.263556 421 0.660248 670 
790000000 791000000 0.146166 28 25.1387 0.220436 382 0.268682 422 0.659723 650 
800000000 801000000 0.114899 28 25.1555 0.221772 383 0.268669 424 0.660064 652 
810000000 811000000 0.258826 28 25.1749 0.225724 394 0.276077 435 0.672296 667 
820000000 821000000 0.326922 28 25.1966 0.229207 395 0.277814 436 0.67223 667 
830000000 831000000 1.63085 28 25.2289 0.229198 394 0.276679 435 0.671753 666 
840000000 841000000 0.226725 28 25.2459 0.231107 395 0.27964 436 0.672362 667 
850000000 851000000 0.246505 28 25.2704 0.227679 388 0.274522 429 0.680858 660 
860000000 861000000 0.249487 28 25.2895 0.226949 388 0.27528 429 0.676947 660 
870000000 871000000 0.189946 28 25.2997 0.224499 385 0.27311 426 0.678501 657 
880000000 881000000 0.082123 28 25.3184 0.223992 385 0.270902 426 0.678396 657 
890000000 891000000 0.76122 28 25.3306 0.229199 387 0.279895 430 0.693807 659 
900000000 901000000 0.05824 28 25.3429 0.215178 372 0.271618 414 0.678471 642 
910000000 911000000 0.284182 28 25.3614 0.215574 372 0.2675 414 0.675811 642 
920000000 921000000 1.32913 28 25.3947 0.215017 370 0.267713 412 0.677867 641 
930000000 931000000 1.46825 28 25.4025 0.220176 373 0.27063 415 0.681693 643 
940000000 941000000 0.106371 28 25.4172 0.215481 374 0.27138 417 0.681511 648 
950000000 951000000 0.051404 28 25.4375 0.21173 365 0.264384 408 0.67629 635 
960000000 961000000 0.184831 28 25.4525 0.209238 368 0.271193 426 0.672969 672 
970000000 971000000 0.200537 28 25.4651 0.138913 234 0.181549 269 0.469002 461 
980000000 981000000 0.243296 28 25.4803 0.141606 234 0.1798 269 0.465201 461 
990000000 991000000 0.151633 28 25.4988 0.14127 234 0.180382 269 0.46631 461 

1.in 4.0614 25.5182 alpha: 5
0 1000000 0.008409 17 15.5325 0.188006 434 0.207132 450 0.425515 549 
10000000 11000000 0.070583 21 18.9916 0.939684 1788 0.991894 1816 1.30504 1943 
20000000 21000000 0.103819 22 19.9276 0.601723 1289 0.649476 1313 1.09422 1471 
30000000 31000000 0.043911 23 20.5118 1.97778 3429 2.06452 3453 2.50376 3626 
40000000 41000000 0.099285 23 20.8823 1.95761 3505 2.05008 3533 2.52424 3715 
50000000 51000000 0.075468 23 21.2018 1.32965 2536 1.41632 2565 1.96035 2769 
60000000 61000000 0.082685 24 21.4767 1.56969 2831 1.66934 2869 2.21811 3075 
70000000 71000000 0.044605 24 21.7086 0.345606 645 0.37763 673 0.70165 859 
80000000 81000000 0.269883 24 21.887 0.406895 729 0.439944 757 0.796541 953 
90000000 91000000 0.205688 24 22.0481 0.398991 695 0.430751 724 0.796252 928 
100000000 101000000 0.03178 24 22.2089 0.351954 605 0.38133 638 0.712724 829 
110000000 111000000 0.046143 25 22.3451 0.244724 451 0.271669 478 0.574786 648 
120000000 121000000 0.059399 25 22.475 0.206295 389 0.232492 416 0.558767 627 
130000000 131000000 0.054231 25 22.5859 0.290035 521 0.322262 550 0.652199 735 
140000000 141000000 0.33167 25 22.6858 0.238642 441 0.269778 470 0.607839 656 
150000000 151000000 0.08697 25 22.8054 0.266367 481 0.297646 517 0.616194 697 
160000000 161000000 0.067342 25 22.8911 0.29059 521 0.32271 557 0.647712 738 
170000000 171000000 0.135214 25 22.9544 0.266731 494 0.298429 525 0.624953 713 
180000000 181000000 0.131835 25 23.0385 0.26566 491 0.298 522 0.623256 709 
190000000 191000000 0.202325 25 23.1118 0.227642 429 0.260018 460 0.581218 649 
200000000 201000000 0.040139 26 23.1954 0.240814 442 0.271136 471 0.596174 664 
210000000 211000000 0.049526 26 23.2648 0.238379 441 0.269584 470 0.597284 663 
220000000 221000000 0.040134 26 23.3333 0.227198 424 0.260243 453 0.5862 646 
230000000 231000000 0.129852 26 23.391 0.221198 414 0.252106 443 0.574057 630 
240000000 241000000 0.078137 26 23.4597 0.22028 414 0.250136 442 0.576922 632 
250000000 251000000 0.039185 26 23.5225 0.222836 413 0.253454 443 0.573044 625 
260000000 261000000 0.088816 26 23.6093 0.236494 432 0.27037 462 0.606448 646 
270000000 271000000 0.081674 26 23.6528 0.223453 407 0.252147 437 0.589251 628 
280000000 281000000 0.081897 26 23.7065 0.226711 417 0.259091 447 0.603317 640 
290000000 291000000 0.025789 26 23.7569 0.248669 452 0.278917 484 0.631732 684 
300000000 301000000 0.051784 26 23.8029 0.236588 442 0.274509 474 0.625351 679 
310000000 311000000 0.058142 26 23.8494 0.246855 460 0.282282 491 0.630935 690 
320000000 321000000 0.052762 27 23.8863 0.251074 465 0.286555 497 0.639248 695 
330000000 331000000 0.149672 27 23.9309 0.254507 466 0.287348 498 0.640377 697 
340000000 341000000 0.030559 27 23.9775 0.243112 461 0.280998 493 0.625334 692 
350000000 351000000 0.072113 26 24.0104 0.247536 452 0.277885 483 0.600326 670 
360000000 361000000 0.064802 27 24.0469 0.235707 427 0.270067 458 0.595925 645 
370000000 371000000 0.1176 27 24.083 0.246509 449 0.27964 481 0.615869 673 
380000000 381000000 0.161436 27 24.1219 0.252286 462 0.284045 494 0.617576 678 
390000000 391000000 0.061167 27 24.1605 0.250467 463 0.285218 495 0.61743 681 
400000000 401000000 0.042074 26 24.1973 0.250542 465 0.287139 496 0.618098 683 
410000000 411000000 0.034225 27 24.2355 0.246898 452 0.281108 485 0.613206 666 
420000000 421000000 0.061425 27 24.2786 0.243864 449 0.279155 482 0.611225 663 
430000000 431000000 0.040137 27 24.3129 0.247202 450 0.282071 482 0.604316 660 
440000000 441000000 0.035782 27 24.3413 0.283098 512 0.321203 544 0.658108 725 
450000000 451000000 0.047568 27 24.3638 0.241423 445 0.276008 478 0.606306 660 
460000000 461000000 0.0504 27 24.3923 0.262758 472 0.298351 504 0.621697 690 
470000000 471000000 0.159742 27 24.4223 0.209842 379 0.244092 413 0.571335 607 
480000000 481000000 0.065013 27 24.4483 0.206683 372 0.239941 406 0.567393 603 
490000000 491000000 0.094222 27 24.4843 0.197956 365 0.235381 400 0.568449 605 
500000000 501000000 0.142027 27 24.5152 0.184422 341 0.220239 375 0.544101 577 
510000000 511000000 0.328559 27 24.5429 0.180408 332 0.213875 364 0.546936 569 
520000000 521000000 0.073118 27 24.5746 0.192313 363 0.227502 396 0.560525 601 
530000000 531000000 0.053137 27 24.6053 0.194431 363 0.22601 395 0.559657 601 
540000000 541000000 0.416963 27 24.6478 0.191791 364 0.227712 396 0.560509 602 
550000000 551000000 0.082844 27 24.6717 0.197837 373 0.23408 405 0.571569 612 
560000000 561000000 0.042629 27 24.6964 0.199126 372 0.235051 405 0.570676 612 
570000000 571000000 0.058131 27 24.717 0.196397 369 0.231522 401 0.569756 608 
580000000 581000000 0.067774 27 24.7446 0.195654 367 0.230531 400 0.5694 608 
590000000 591000000 0.091779 27 24.7691 0.196682 369 0.23323 402 0.575347 613 
600000000 601000000 0.101234 27 24.7883 0.180605 326 0.216308 359 0.541304 559 
610000000 611000000 0.035338 27 24.8123 0.179978 327 0.215807 360 0.543538 558 
620000000 621000000 0.043687 27 24.8334 0.184415 333 0.220064 366 0.550244 563 
630000000 631000000 0.057469 27 24.8536 0.178127 325 0.21582 359 0.543828 559 
640000000 641000000 0.116328 27 24.8767 0.181408 331 0.220331 364 0.543022 561 
650000000 651000000 0.065651 27 24.8989 0.195952 350 0.236242 385 0.571925 588 
660000000 661000000 0.071727 28 24.9196 0.191072 341 0.230612 375 0.56327 578 
670000000 671000000 0.042861 27 24.9428 0.196301 345 0.233942 379 0.567556 580 
680000000 681000000 0.058858 27 24.9623 0.193947 344 0.232521 378 0.564367 580 
690000000 691000000 0.039265 28 24.9881 0.194826 344 0.233702 378 0.564875 580 
700000000 701000000 0.096958 28 25.0035 0.191484 345 0.233353 379 0.566358 582 
710000000 711000000 0.031071 28 25.0236 0.201705 356 0.243848 392 0.589782 597 
720000000 721000000 0.047436 28 25.0413 0.231053 406 0.274783 444 0.670255 672 
730000000 731000000 0.056284 28 25.0593 0.231077 406 0.275746 444 0.668993 672 
740000000 741000000 0.047939 28 25.0784 0.228016 405 0.274593 442 0.669645 672 
750000000 751000000 0.069255 28 25.0961 0.225972 392 0.268469 430 0.664384 659 
760000000 761000000 0.097046 28 25.1135 0.224241 389 0.269863 428 0.661422 655 
770000000 771000000 0.08103 28 25.1337 0.225804 404 0.274338 445 0.674613 673 
780000000 781000000 0.075302 28 25.1522 0.213713 371 0.260269 411 0.632066 626 
790000000 791000000 0.074507 28 25.1838 0.216871 378 0.262616 420 0.660828 659 
800000000 801000000 0.048203 28 25.1904 0.213009 377 0.260872 420 0.656555 659 
810000000 811000000 0.138874 28 25.2084 0.218624 386 0.267427 429 0.666459 670 
820000000 821000000 0.043334 28 25.2267 0.222842 389 0.269741 432 0.669092 673 
830000000 831000000 0.149328 28 25.2455 0.219437 385 0.266302 428 0.666395 669 
840000000 841000000 0.032179 28 25.2631 0.22182 388 0.268928 431 0.667661 671 
850000000 851000000 0.115879 28 25.2832 0.221852 387 0.267986 430 0.668176 671 
860000000 861000000 0.057574 28 25.305 0.222765 388 0.271057 432 0.671828 674 
870000000 871000000 2.62506 28 25.3309 0.21878 385 0.269404 429 0.66984 671 
880000000 881000000 0.072129 28 25.3368 0.219793 386 0.269146 429 0.668292 669 
890000000 891000000 0.170784 28 25.3568 0.219135 388 0.26993 431 0.671988 672 
900000000 901000000 0.067474 28 25.3712 0.208645 371 0.259622 415 0.658517 655 
910000000 911000000 0.033981 28 25.3872 0.208763 372 0.260234 415 0.660329 657 
920000000 921000000 0.35097 28 25.3996 0.20742 371 0.261159 415 0.661446 656 
930000000 931000000 0.109698 28 25.4176 0.211497 372 0.260868 415 0.662701 657 
940000000 941000000 0.049379 28 25.4323 0.211797 371 0.262642 415 0.661028 658 
950000000 951000000 0.05158 28 25.45 0.204942 362 0.254813 406 0.652306 646 
960000000 961000000 0.128222 28 25.4634 0.203949 363 0.255125 406 0.653246 646 
970000000 971000000 0.100396 28 25.4782 0.139542 229 0.178814 265 0.458524 454 
980000000 981000000 0.056045 28 25.4943 0.13628 229 0.176331 265 0.457528 454 
990000000 991000000 0.091091 28 25.5098 0.137135 229 0.176695 265 0.45766 454 

1.in 4.78225 25.5182 alpha: 10
0 1000000 0.0086 17 15.5325 0.193782 434 0.209693 450 0.432316 549 
10000000 11000000 0.019346 21 19.0442 0.675924 1465 0.720279 1486 1.0069 1620 
20000000 21000000 0.02191 23 19.968 0.763841 1535 0.814026 1558 1.21406 1723 
30000000 31000000 0.057891 22 20.498 1.74452 3113 1.8307 3139 2.3362 3336 
40000000 41000000 0.047729 23 20.9277 1.03594 2040 1.10371 2070 1.64959 2269 
50000000 51000000 0.019815 24 21.2344 1.07532 2118 1.141 2148 1.71613 2354 
60000000 61000000 0.284046 23 21.4642 0.967495 1951 1.01958 1980 1.58384 2192 
70000000 71000000 0.022647 24 21.7184 0.315902 596 0.348057 629 0.676908 815 
80000000 81000000 0.019858 24 21.9372 0.367017 671 0.400468 704 0.744386 893 
90000000 91000000 0.023078 25 22.0341 0.262905 491 0.294042 521 0.637378 708 
100000000 101000000 0.018865 25 22.2227 0.231635 436 0.259609 466 0.566543 642 
110000000 111000000 0.020884 25 22.3642 0.236435 444 0.26603 475 0.572339 650 
120000000 121000000 0.037018 25 22.5115 0.235809 444 0.266762 475 0.571061 650 
130000000 131000000 0.039081 25 22.6134 0.264826 487 0.294419 517 0.608981 694 
140000000 141000000 0.221007 25 22.7242 0.25934 477 0.289482 508 0.605051 684 
150000000 151000000 0.123288 25 22.7901 0.210638 404 0.238482 433 0.543185 615 
160000000 161000000 0.015882 26 22.8974 0.226189 432 0.258305 461 0.564471 644 
170000000 171000000 0.019847 26 22.9988 0.256923 476 0.286352 505 0.599898 689 
180000000 181000000 0.052666 26 23.0569 0.235403 449 0.266316 479 0.58574 664 
190000000 191000000 0.200555 26 23.1378 0.216544 418 0.248118 449 0.567116 635 
200000000 201000000 0.028225 26 23.232 0.217009 423 0.250192 454 0.571003 639 
210000000 211000000 0.026644 26 23.2999 0.217735 423 0.251056 454 0.570569 639 
220000000 221000000 0.046689 26 23.374 0.219543 424 0.252103 455 0.572565 640 
230000000 231000000 0.029749 26 23.4452 0.220312 426 0.25295 457 0.570873 642 
240000000 241000000 0.038111 26 23.5191 0.220286 422 0.252722 454 0.567872 637 
250000000 251000000 0.013613 26 23.5802 0.217247 405 0.248377 433 0.567059 621 
260000000 261000000 1.38082 26 23.6303 0.222431 424 0.254308 455 0.584243 647 
270000000 271000000 0.034227 26 23.6807 0.224259 427 0.256488 458 0.586138 653 
280000000 281000000 0.378152 27 23.7235 0.224806 417 0.253809 447 0.572724 624 
290000000 291000000 0.030146 27 23.7926 0.225158 422 0.257131 452 0.577725 631 
300000000 301000000 0.034348 27 23.8529 0.232475 430 0.263173 460 0.588601 642 
310000000 311000000 0.027647 27 23.8742 0.245803 446 0.279294 479 0.624251 675 
320000000 321000000 0.052456 27 23.9293 0.242908 446 0.280226 478 0.623002 675 
330000000 331000000 0.465365 27 23.9706 0.229875 424 0.260645 455 0.599852 649 
340000000 341000000 0.021332 26 24.0056 0.241647 450 0.27207 481 0.600411 674 
350000000 351000000 0.035054 27 24.0476 0.244492 456 0.276687 487 0.605307 679 
360000000 361000000 0.03375 27 24.095 0.24449 456 0.278238 488 0.608676 680 
370000000 371000000 0.019612 27 24.1337 0.247067 458 0.277689 489 0.609991 681 
380000000 381000000 0.02298 27 24.1643 0.243986 455 0.277693 486 0.606658 678 
390000000 391000000 0.014907 27 24.2017 0.244625 457 0.278215 488 0.612958 680 
400000000 401000000 0.016087 27 24.2377 0.244977 458 0.280735 490 0.610496 681 
410000000 411000000 0.024446 27 24.2781 0.247856 458 0.279926 489 0.612179 681 
420000000 421000000 0.021626 27 24.3213 0.241544 447 0.272724 478 0.605065 670 
430000000 431000000 0.023011 27 24.3544 0.243776 453 0.276609 484 0.610393 676 
440000000 441000000 0.019804 27 24.3809 0.281162 508 0.317437 539 0.651389 731 
450000000 451000000 0.01935 27 24.4186 0.296977 532 0.333171 563 0.669007 756 
460000000 461000000 0.29531 27 24.4461 0.25317 464 0.285559 495 0.607209 684 
470000000 471000000 0.041984 27 24.4805 0.210407 393 0.245397 426 0.574219 624 
480000000 481000000 0.025967 27 24.5113 0.209191 390 0.24506 423 0.576912 624 
490000000 491000000 0.0281 27 24.5455 0.206357 374 0.242154 408 0.582884 618 
500000000 501000000 0.029698 28 24.5692 0.191264 353 0.227686 387 0.563569 597 
510000000 511000000 0.027267 27 24.5964 0.194332 355 0.229548 388 0.57019 598 
520000000 521000000 0.02211 28 24.6293 0.195217 355 0.230254 389 0.568628 598 
530000000 531000000 0.030894 28 24.6521 0.193667 355 0.23078 389 0.565212 599 
540000000 541000000 0.049938 28 24.6873 0.194741 355 0.229368 389 0.567104 598 
550000000 551000000 0.023964 27 24.696 0.191028 351 0.227501 385 0.563828 597 
560000000 561000000 0.023643 28 24.723 0.192451 351 0.227644 386 0.565721 597 
570000000 571000000 0.035746 28 24.7464 0.197081 358 0.23316 392 0.573132 603 
580000000 581000000 0.03278 28 24.7738 0.194543 356 0.232051 391 0.573233 602 
590000000 591000000 0.046309 28 24.7977 0.200776 359 0.238125 394 0.580002 607 
600000000 601000000 0.021693 28 24.8227 0.181798 332 0.21681 364 0.544467 567 
610000000 611000000 0.057902 28 24.8479 0.180034 331 0.216163 364 0.547621 567 
620000000 621000000 0.033614 28 24.8745 0.181951 334 0.217927 367 0.547149 570 
630000000 631000000 0.023904 28 24.8958 0.176327 331 0.215883 364 0.546717 567 
640000000 641000000 0.035711 28 24.9203 0.183846 336 0.219915 368 0.543812 570 
650000000 651000000 0.034206 28 24.9409 0.198368 352 0.236684 386 0.565694 591 
660000000 661000000 0.016894 29 24.9742 0.196548 352 0.234648 386 0.567471 593 
670000000 671000000 0.090888 28 24.9942 0.19335 349 0.233197 383 0.565528 589 
680000000 681000000 0.021674 28 25.0173 0.193905 348 0.231364 382 0.56478 588 
690000000 691000000 0.023124 28 25.0323 0.193377 348 0.233128 382 0.565753 588 
700000000 701000000 0.021342 28 25.0496 0.193634 348 0.231111 382 0.565977 588 
710000000 711000000 0.017584 28 25.0725 0.197812 361 0.238025 395 0.581649 607 
720000000 721000000 0.037763 28 25.1002 0.228761 407 0.273833 450 0.651641 664 
730000000 731000000 0.029232 28 25.1184 0.2288 408 0.274165 450 0.652523 665 
740000000 741000000 0.029676 28 25.1403 0.225556 407 0.274278 450 0.653 666 
750000000 751000000 0.036049 28 25.156 0.219733 395 0.265799 439 0.648192 659 
760000000 761000000 0.028068 28 25.1751 0.213134 388 0.258614 428 0.652166 681 
770000000 771000000 0.024939 28 25.1976 0.214051 389 0.259273 429 0.654831 683 
780000000 781000000 0.029652 29 25.2218 0.214815 388 0.259269 428 0.6602 686 
790000000 791000000 0.021249 28 25.2339 0.235042 416 0.28463 462 0.665908 681 
800000000 801000000 0.016432 28 25.2498 0.232925 413 0.282024 459 0.665609 679 
810000000 811000000 0.023034 28 25.2743 0.236812 422 0.287758 468 0.671403 688 
820000000 821000000 0.054947 28 25.2882 0.240798 426 0.291744 472 0.676211 693 
830000000 831000000 0.105333 28 25.3093 0.241727 425 0.29064 471 0.674663 692 
840000000 841000000 0.025325 28 25.3186 0.237684 421 0.290042 467 0.674635 689 
850000000 851000000 0.053255 28 25.34 0.239311 422 0.288828 468 0.676714 689 
860000000 861000000 0.016234 28 25.3405 0.241967 425 0.292206 471 0.678795 693 
870000000 871000000 0.031882 28 25.3589 0.241486 425 0.2907 471 0.67648 693 
880000000 881000000 0.024364 28 25.3744 0.241785 425 0.29003 472 0.677522 694 
890000000 891000000 0.025271 28 25.3937 0.241192 425 0.292013 472 0.678527 694 
900000000 901000000 0.068823 28 25.4024 0.228878 408 0.280772 454 0.667008 675 
910000000 911000000 0.025381 28 25.4155 0.227868 408 0.281578 455 0.667591 676 
920000000 921000000 0.038237 28 25.433 0.228381 408 0.282418 454 0.668124 676 
930000000 931000000 0.027142 29 25.4529 0.231466 408 0.280751 454 0.669202 676 
940000000 941000000 0.024984 29 25.4716 0.226842 408 0.28082 454 0.66787 676 
950000000 951000000 0.022498 29 25.4885 0.226047 398 0.276125 445 0.656802 665 
960000000 961000000 1.10775 29 25.4965 0.204337 356 0.259145 404 0.658696 632 
970000000 971000000 0.025417 29 25.5106 0.138306 236 0.175559 272 0.458619 468 
980000000 981000000 0.031953 29 25.5254 0.134901 236 0.175292 272 0.457337 468 
990000000 991000000 0.036827 29 25.5391 0.137161 236 0.175763 272 0.459723 468 

1.in 4.20826 25.5182 alpha: 20
0 1000000 0.008707 17 15.5325 0.188515 434 0.206625 450 0.426739 549 
10000000 11000000 0.050881 22 19.1159 0.529807 1220 0.573876 1241 0.879051 1373 
20000000 21000000 0.016864 23 20.0675 1.53375 2714 1.61016 2739 2.02591 2901 
30000000 31000000 0.0333 23 20.5642 1.4526 2792 1.54368 2820 2.09299 3029 
40000000 41000000 0.013325 25 20.9972 1.44734 2780 1.5391 2806 2.07471 2999 
50000000 51000000 0.029213 25 21.3996 1.46074 2806 1.55281 2832 2.09605 3026 
60000000 61000000 0.01719 26 21.7448 1.48759 2843 1.58638 2872 2.16017 3078 
70000000 71000000 0.011919 27 21.9072 0.313725 601 0.345572 634 0.670094 816 
80000000 81000000 0.012714 27 22.098 0.354746 657 0.387224 690 0.711272 871 
90000000 91000000 0.030791 27 22.1793 0.279401 519 0.309485 548 0.658876 747 
100000000 101000000 0.009521 27 22.3742 0.214377 419 0.248478 448 0.557133 633 
110000000 111000000 0.026413 27 22.5181 0.218402 420 0.246673 449 0.559279 634 
120000000 121000000 0.081148 27 22.6356 0.218702 420 0.246795 449 0.558469 634 
130000000 131000000 0.01749 27 22.7894 0.220082 420 0.246753 449 0.558526 634 
140000000 141000000 0.072241 29 22.9508 0.214968 420 0.246802 449 0.560141 634 
150000000 151000000 0.012062 29 23.1173 0.219166 420 0.247393 449 0.558955 634 
160000000 161000000 0.013115 29 23.2319 0.221566 422 0.251047 452 0.560116 636 
170000000 171000000 0.011821 29 23.3072 0.236007 448 0.266345 477 0.578051 662 
180000000 181000000 0.015901 29 23.3648 0.224885 430 0.255611 459 0.566402 644 
190000000 191000000 0.042147 29 23.4099 0.221366 425 0.250291 454 0.571319 643 
200000000 201000000 0.010722 29 23.4828 0.223806 425 0.250535 455 0.571418 643 
210000000 211000000 0.015739 28 23.4771 0.223321 426 0.251616 455 0.569837 643 
220000000 221000000 0.0115 28 23.5828 0.222789 426 0.252989 455 0.570938 643 
230000000 231000000 0.153273 28 23.6025 0.226451 432 0.259262 462 0.581972 652 
240000000 241000000 0.011192 28 23.58 0.225757 434 0.257085 467 0.588266 661 
250000000 251000000 0.012486 28 23.6721 0.222456 434 0.256353 467 0.588628 661 
260000000 261000000 0.01174 29 23.7613 0.226042 436 0.258618 469 0.594278 664 
270000000 271000000 0.01558 29 23.8429 0.214488 418 0.24837 452 0.571966 644 
280000000 281000000 0.014214 28 23.8034 0.222387 432 0.255004 465 0.58913 658 
290000000 291000000 0.052245 29 23.8817 0.225579 441 0.261091 474 0.596958 669 
300000000 301000000 0.014539 29 23.969 0.230211 441 0.26238 475 0.599354 671 
310000000 311000000 0.011179 29 24.047 0.231535 441 0.263726 475 0.599901 671 
320000000 321000000 0.015315 29 24.1356 0.229234 441 0.264472 475 0.602008 671 
330000000 331000000 0.010893 28 23.9819 0.240543 467 0.273131 499 0.617029 705 
340000000 341000000 0.014087 28 24.0363 0.242399 467 0.27283 499 0.615641 705 
350000000 351000000 0.012754 29 24.0954 0.239255 468 0.273004 500 0.619302 706 
360000000 361000000 0.012618 30 24.1454 0.242379 468 0.274647 500 0.618911 706 
370000000 371000000 0.00997 30 24.1994 0.240999 469 0.27459 501 0.622547 707 
380000000 381000000 0.036453 30 24.2507 0.24277 469 0.275079 501 0.621943 707 
390000000 391000000 0.011892 30 24.2962 0.240138 469 0.275155 501 0.62072 707 
400000000 401000000 0.01623 30 24.3426 0.242475 470 0.276284 502 0.624804 709 
410000000 411000000 0.045809 30 24.383 0.242316 470 0.277563 502 0.621895 709 
420000000 421000000 0.012923 30 24.4294 0.244149 473 0.27712 506 0.628141 715 
430000000 431000000 0.012312 30 24.4567 0.246731 475 0.280231 507 0.632282 717 
440000000 441000000 0.020301 30 24.4934 0.265942 504 0.298914 537 0.652765 747 
450000000 451000000 0.016663 30 24.5318 0.272326 519 0.307694 552 0.66312 763 
460000000 461000000 0.028504 30 24.5729 0.257058 479 0.291687 510 0.62567 713 
470000000 471000000 0.01902 30 24.6061 0.201942 387 0.234945 420 0.570975 633 
480000000 481000000 0.013786 30 24.6476 0.201782 382 0.233115 416 0.569202 628 
490000000 491000000 0.182147 30 24.6691 0.180418 349 0.21486 384 0.542271 594 
500000000 501000000 0.013116 30 24.7061 0.174747 333 0.205922 368 0.528086 577 
510000000 511000000 0.015697 31 24.7492 0.173062 334 0.206495 368 0.528186 578 
520000000 521000000 0.014887 31 24.7857 0.173639 334 0.20711 369 0.528721 579 
530000000 531000000 0.01619 31 24.8254 0.170944 334 0.207431 369 0.530344 579 
540000000 541000000 0.014892 31 24.8476 0.174785 334 0.207662 369 0.529269 579 
550000000 551000000 0.024195 31 24.8861 0.173404 334 0.208757 369 0.531268 579 
560000000 561000000 0.012995 31 24.9236 0.174779 334 0.208199 369 0.529658 579 
570000000 571000000 0.024511 31 24.9598 0.174143 338 0.210854 372 0.538624 583 
580000000 581000000 0.018041 31 24.998 0.172888 335 0.210159 370 0.535581 582 
590000000 591000000 0.012905 31 24.9798 0.17927 341 0.214322 376 0.545324 589 
600000000 601000000 0.029459 31 25.0108 0.178095 341 0.215997 376 0.545756 589 
610000000 611000000 0.017051 31 25.0279 0.176243 341 0.215861 376 0.546742 589 
620000000 621000000 0.013935 31 25.0424 0.185562 347 0.220876 382 0.557702 597 
630000000 631000000 0.026439 31 25.0664 0.18246 345 0.220072 380 0.555241 595 
640000000 641000000 0.023313 31 25.0991 0.185594 349 0.225325 384 0.556076 598 
650000000 651000000 0.018424 31 25.1228 0.195793 360 0.232311 396 0.570113 613 
660000000 661000000 0.013559 31 25.1678 0.192609 360 0.2327 396 0.570492 614 
670000000 671000000 0.01467 31 25.2101 0.194179 360 0.232746 397 0.571567 614 
680000000 681000000 0.014033 31 25.232 0.191624 359 0.231946 396 0.570797 614 
690000000 691000000 0.024726 31 25.2551 0.192752 359 0.231446 395 0.570898 613 
700000000 701000000 0.010649 31 25.274 0.19161 359 0.232219 395 0.568827 613 
710000000 711000000 0.016328 31 25.301 0.196487 368 0.235433 406 0.581037 627 
720000000 721000000 0.013417 31 25.3248 0.228299 407 0.274811 447 0.666706 667 
730000000 731000000 0.020616 31 25.3416 0.228912 406 0.273299 447 0.666814 667 
740000000 741000000 0.016237 31 25.3676 0.228282 404 0.272346 444 0.665307 665 
750000000 751000000 0.025336 31 25.4013 0.221941 391 0.26511 431 0.658172 655 
760000000 761000000 0.020887 32 25.4289 0.220536 390 0.265078 431 0.65933 654 
770000000 771000000 0.028862 32 25.46 0.219771 390 0.265114 431 0.661503 655 
780000000 781000000 0.020059 32 25.4854 0.217333 388 0.265034 429 0.663173 655 
790000000 791000000 0.016089 32 25.5149 0.225698 412 0.275864 455 0.682126 688 
800000000 801000000 0.010849 32 25.5343 0.228358 413 0.277335 457 0.682714 691 
810000000 811000000 0.014983 32 25.5641 0.232357 424 0.283593 468 0.69428 705 
820000000 821000000 0.014134 33 25.5804 0.232131 420 0.282642 464 0.691862 700 
830000000 831000000 0.016087 33 25.6135 0.229881 420 0.281932 464 0.694411 700 
840000000 841000000 0.014826 32 25.6525 0.231788 420 0.281426 464 0.692878 700 
850000000 851000000 0.013799 32 25.64 0.233612 418 0.280621 462 0.69544 698 
860000000 861000000 0.014109 32 25.635 0.23305 420 0.284896 464 0.695558 701 
870000000 871000000 0.01203 32 25.5155 0.23481 421 0.284754 466 0.696998 703 
880000000 881000000 0.02305 32 25.5333 0.231415 421 0.284725 466 0.696029 703 
890000000 891000000 0.020288 32 25.5497 0.230634 421 0.283055 466 0.697612 703 
900000000 901000000 0.010618 32 25.571 0.224502 406 0.274457 450 0.689429 687 
910000000 911000000 0.016396 32 25.5901 0.224278 405 0.275201 450 0.687185 688 
920000000 921000000 0.014607 32 25.6116 0.220802 405 0.274296 450 0.686711 687 
930000000 931000000 0.018033 32 25.6337 0.222068 405 0.273812 450 0.686944 687 
940000000 941000000 0.015284 32 25.6575 0.226765 407 0.276951 452 0.686514 690 
950000000 951000000 0.013907 32 25.6808 0.218342 399 0.273004 444 0.680261 681 
960000000 961000000 0.019007 32 25.6962 0.218278 399 0.272085 444 0.6813 681 
970000000 971000000 0.014932 32 25.7131 0.138298 241 0.179308 278 0.460816 475 
980000000 981000000 0.015497 32 25.7287 0.140699 241 0.179152 278 0.461578 476 
990000000 991000000 0.02586 32 25.7451 0.141464 241 0.179089 278 0.46214 476 

