1 8 12.5 0.5019 0.739209 67.8969 8 12.5 0.0743375 0.647523 11.4803
2 318 0.314283 0.0189692 0.761567 2.49081 326 0.30657 0.00232669 0.636044 0.365806
5 7997 0.0114167 0.00216485 0.606062 0.357199 8058 0.011316 0.000433979 0.510433 0.0850216
10 8607 0.0030931 0.000441455 0.181541 0.243171 8617 0.00309242 0.000250168 0.13 0.192437
20 51 0.000729627 0.000105882 0.0206297 0.513253 45 0.000810422 0.000184444 0.0174127 1.05925
30 1 0.000502 0 0.0195343 0 1 0.000502 0 0.0177323 0
40 0 -nan -nan 0.0194193 -nan 0 -nan -nan 0.017894 -nan
45 0 -nan -nan 0.019784 -nan 0 -nan -nan 0.0175123 -nan
48 0 -nan -nan 0.0185923 -nan 0 -nan -nan 0.017902 -nan
49 0 -nan -nan 0.0199003 -nan 0 -nan -nan 0.0179003 -nan
50 0 -nan -nan 0.0202637 -nan 0 -nan -nan 0.0180903 -nan
1 6 16.6667 0.565733 0.685232 82.5608 7 14.2857 0.145429 0.997366 14.5813
2 11 8.80268 0.478945 0.72177 66.357 8 12.0986 0.126025 0.989841 12.7318
5 21 3.16059 0.219652 0.563455 38.9831 39 1.76887 0.0282564 1.04326 2.70847
10 13 0.902207 0.0194231 0.141885 13.6893 40 0.28022 0.00556 0.148809 3.73634
20 11 0.101568 0.00507273 0.045887 11.0548 90 0.0234732 0.00043 0.0182653 2.35419
30 14 0.0275796 0.00351429 0.043017 8.16953 154 0.0109213 0.00017987 0.0151803 1.18489
40 35 0.0024084 0.00151429 0.0289373 5.23298 550 0.00257315 5.54545e-05 0.010961 0.505926
45 60 0.000751517 0.00140167 0.032828 4.26973 1120 0.00103518 1.88393e-05 0.0100777 0.186941
48 35 0.000229057 0.00130857 0.033859 3.86477 1525 0.000719607 8.98361e-06 0.008481 0.105926
49 0 -nan -nan 0.0238943 -nan 1655 0.000611711 7.12991e-06 0.00631933 0.112827
50 0 -nan -nan 0.0326917 -nan 0 -nan -nan 0.00581233 -nan
