1.in 4.52723 25.5182 alpha: 30
0 1000000 0.011669 17 15.5196 0.012285 16 0.020574 29 0.113899 86 
10000000 11000000 0.051406 21 18.9832 0.017754 20 0.040906 33 0.20413 94 
20000000 21000000 0.075247 22 19.9151 0.017809 20 0.045621 34 0.227908 95 
30000000 31000000 0.110727 22 20.4979 0.01967 21 0.047495 34 0.237467 95 
40000000 41000000 0.133319 23 20.8944 0.020912 21 0.050314 35 0.246385 96 
50000000 51000000 0.15722 23 21.1793 0.021965 22 0.051362 35 0.254025 96 
60000000 61000000 0.179731 23 21.4644 0.021718 22 0.05182 36 0.258574 97 
70000000 71000000 0.213971 23 21.694 0.022115 22 0.052566 36 0.263785 98 
80000000 81000000 0.263813 24 21.8771 0.022353 22 0.052312 36 0.266961 98 
90000000 91000000 0.289034 24 22.0272 0.022302 23 0.053222 36 0.269648 98 
100000000 101000000 0.313153 25 22.1846 0.022822 23 0.053717 36 0.271155 99 
110000000 111000000 0.34862 25 22.3279 0.020803 23 0.052939 36 0.269702 99 
120000000 121000000 0.388965 25 22.4613 0.022923 23 0.052527 37 0.270805 99 
130000000 131000000 0.419837 25 22.5796 0.022293 23 0.052943 37 0.270115 99 
140000000 141000000 0.472064 25 22.6889 0.023108 23 0.053814 37 0.269775 99 
150000000 151000000 0.493113 25 22.7838 0.022861 23 0.053959 37 0.271861 99 
160000000 161000000 0.505955 25 22.8829 0.023245 23 0.054095 37 0.271224 99 
170000000 171000000 0.534485 25 22.9645 0.021717 23 0.054842 37 0.272304 99 
180000000 181000000 0.609204 25 23.0285 0.022311 24 0.054387 37 0.274398 99 
190000000 191000000 0.672328 25 23.1121 0.022287 24 0.054116 37 0.27465 99 
200000000 201000000 0.731445 25 23.1898 0.02263 24 0.053734 37 0.274906 99 
210000000 211000000 0.774742 26 23.2751 0.022383 24 0.053434 38 0.274866 100 
220000000 221000000 0.835072 26 23.3561 0.022721 24 0.053244 38 0.273589 99 
230000000 231000000 0.864114 26 23.4104 0.022929 24 0.053349 38 0.274681 100 
240000000 241000000 0.890343 26 23.4903 0.022506 24 0.054652 38 0.275549 100 
250000000 251000000 0.985768 26 23.5593 0.021176 24 0.054034 38 0.276391 101 
260000000 261000000 1.05166 26 23.6236 0.022061 24 0.055141 38 0.276673 101 
270000000 271000000 1.11757 26 23.6779 0.022742 24 0.054528 38 0.276149 101 
280000000 281000000 1.25291 26 23.7333 0.022663 24 0.054782 38 0.27687 101 
290000000 291000000 1.25579 26 23.7852 0.02363 24 0.054045 38 0.277101 102 
300000000 301000000 1.35472 26 23.8401 0.021445 24 0.054405 38 0.27754 102 
310000000 311000000 1.40196 26 23.882 0.02317 24 0.054957 38 0.281593 102 
320000000 321000000 1.43151 26 23.9304 0.023217 25 0.054441 38 0.280034 102 
330000000 331000000 1.47146 26 23.9691 0.021191 24 0.054068 38 0.279199 102 
340000000 341000000 1.54259 26 24.0104 0.023379 25 0.054208 38 0.278764 102 
350000000 351000000 1.65274 26 24.0577 0.023311 25 0.054243 39 0.279076 102 
360000000 361000000 1.44614 26 24.0847 0.021841 25 0.054626 39 0.278281 102 
370000000 371000000 1.57765 27 24.129 0.023159 25 0.054284 39 0.278697 102 
380000000 381000000 1.8433 26 24.1624 0.022128 25 0.05477 39 0.279361 102 
390000000 391000000 1.82056 26 24.1979 0.021461 25 0.054448 39 0.280387 102 
400000000 401000000 1.84737 27 24.2378 0.023131 25 0.054401 39 0.279485 102 
410000000 411000000 1.92259 26 24.2687 0.023482 25 0.053695 39 0.278782 102 
420000000 421000000 2.15964 26 24.3049 0.02197 25 0.054602 39 0.27955 102 
430000000 431000000 1.74353 27 24.3247 0.023244 25 0.055465 39 0.283731 102 
440000000 441000000 2.25754 27 24.3591 0.022659 25 0.055928 39 0.282544 102 
450000000 451000000 2.37009 27 24.3949 0.02299 25 0.056372 39 0.281394 102 
460000000 461000000 3.11581 27 24.4314 0.094534 25 0.14187 39 0.646113 102 
