1.in 0.339015 22.0968 alpha: initial
0.352209 22.098 8.68171 22.098 84 0.322782 22.1003 9.32349 22.1003 92 0.346691 22.0844 9.18784 22.0844 90 
1.in 0.349544 22.0968 alpha: 1
2.56959 22.0947 8.86996 22.0947 84 2.52807 22.2117 9.55365 22.2117 93 2.60993 22.0897 9.32023 22.0897 90 
1.in 0.339936 22.0968 alpha: 2
2.46974 22.1925 8.84997 22.1925 85 2.46645 22.167 9.48727 22.167 93 2.61564 22.0897 9.30051 22.0897 90 
1.in 0.344482 22.0968 alpha: 3
2.25404 22.0942 8.87 22.0942 84 2.4074 22.1651 9.52056 22.1651 93 2.61028 22.0934 9.30012 22.0934 90 
1.in 0.340994 22.0968 alpha: 4
1.94124 22.1909 8.88171 22.1909 84 2.26341 22.1705 9.49613 22.1705 92 2.36845 22.1459 9.3243 22.1459 91 
1.in 0.33277 22.0968 alpha: 5
1.94362 22.1985 8.88867 22.1985 84 2.13105 22.2097 9.52476 22.2097 93 2.1692 22.0995 9.31119 22.0995 90 
1.in 0.345415 22.0968 alpha: 6
1.94335 22.2032 8.89523 22.2032 84 2.10425 22.2554 9.54766 22.2554 93 2.15391 22.0881 9.34386 22.0881 90 
1.in 0.354092 22.0968 alpha: 10
1.63352 22.223 8.90715 22.223 84 1.7304 22.198 9.50913 22.198 93 1.67583 22.25 9.35523 22.25 91 
1.in 0.347839 22.0968 alpha: 20
1.09402 22.4932 8.91451 22.4932 85 1.2567 22.5062 9.5825 22.5062 94 1.27982 22.3087 9.34785 22.3087 92 
1.in 0.340842 22.0968 alpha: 30
1.03805 22.6298 8.93202 22.6298 84 0.926849 22.8747 9.64507 22.8747 95 1.06285 22.6819 9.37151 22.6819 91 
1.in 0.349412 22.0968 alpha: 40
0.887252 23.5731 8.90911 23.5731 86 0.676861 23.199 9.63474 23.199 95 0.978831 24.4722 9.44597 24.4722 93 
1.in 0.347268 22.0968 alpha: 45
0.859244 24.1431 8.97337 24.1431 86 0.626506 23.2395 9.56918 23.2395 94 0.962318 25.3201 9.52339 25.3201 95 
1.in 0.323105 22.0968 alpha: 46
0.78849 25.1068 8.89764 25.1068 87 0.607401 23.2448 9.52792 23.2448 94 1.06831 25.5782 9.57244 25.5782 97 
1.in 0.349905 22.0968 alpha: 47
0.852014 25.4243 8.95084 25.4243 87 0.608932 23.2513 9.54143 23.2513 94 1.02063 27.5448 9.94625 27.5448 106 
1.in 0.336956 22.0968 alpha: 48
0.853574 26.8683 8.90219 26.8683 88 0.601605 23.2539 9.471 23.2539 94 1.03137 28.5259 9.88106 28.5259 105 
1.in 0.357002 22.0968 alpha: 49
1.07949 41.6115 9.29718 41.6115 106 0.597426 23.2546 9.48776 23.2546 94 1.24299 40.8623 11.206 40.8623 142 
1.in 0.349519 22.0968 alpha: 50
1.12159 41.6115 9.36159 41.6115 106 0.604876 23.2546 9.52944 23.2546 94 1.24013 40.5925 11.2662 40.5925 142 
 >>>>>>>>>> below no flatten >>>>>>>>>>