1.in 5.22645 25.5182 alpha: 30
0 1000000 0.011202 17 15.5325 0.192278 434 0.212341 450 0.428234 549 
10000000 11000000 0.043307 21 19.005 0.584946 1285 0.615072 1305 0.909151 1445 
20000000 21000000 0.07613 22 19.9294 0.659231 1350 0.694068 1372 1.12063 1527 
30000000 31000000 0.121689 22 20.5019 1.1077 2199 1.1738 2225 1.72267 2420 
40000000 41000000 0.134319 23 20.8934 0.953842 1937 1.00145 1964 1.5054 2164 
50000000 51000000 0.185834 23 21.2044 0.963955 1912 1.01276 1941 1.56212 2134 
60000000 61000000 0.217908 23 21.4703 0.970947 1943 1.01651 1972 1.58344 2176 
70000000 71000000 0.217352 23 21.6952 0.273381 523 0.300739 549 0.630831 738 
80000000 81000000 0.238579 24 21.8715 0.2837 535 0.308105 559 0.633485 737 
90000000 91000000 0.317285 24 22.0366 0.265364 505 0.297119 537 0.636023 730 
100000000 101000000 0.364415 25 22.1796 0.214083 404 0.243013 435 0.553041 624 
110000000 111000000 0.361724 25 22.3187 0.228922 423 0.257238 455 0.583664 651 
120000000 121000000 0.421268 25 22.4567 0.225264 432 0.258493 466 0.590882 659 
130000000 131000000 0.477382 25 22.5841 0.222758 417 0.251256 445 0.577726 632 
140000000 141000000 0.528886 26 22.6861 0.224626 417 0.254064 446 0.580766 635 
150000000 151000000 0.528225 26 22.7853 0.212329 401 0.244288 434 0.575444 630 
160000000 161000000 0.513768 30 22.8861 0.21503 398 0.241565 428 0.557234 620 
170000000 171000000 0.671424 30 22.9884 0.214582 405 0.244949 435 0.556622 626 
180000000 181000000 0.69297 36 23.101 0.225936 420 0.250062 447 0.55896 640 
190000000 191000000 0.759958 37 23.1697 0.249084 465 0.273475 493 0.600516 704 
