1.in 4.90831 25.5247 
1  457357 49.6102 
2  457357 46.5808 
5  457357 48.4468 
10  457357 48.4312 
20  457357 48.0681 
50  457357 13.1905 
100  457357 8.45177 
200  457357 6.00641 
500  457357 4.15652 
1000  457357 3.3844 
2000  457357 2.52792 
5000  457357 1.22314 
10000  457357 0.79517 
20000  457357 0.550424 
50000  457357 0.392344 
100000  457357 0.345302 
200000  457357 0.315816 
500000  457357 0.240503 
1e+06  457357 0.20981 
2e+06  457357 0.200799 
5e+06  457357 0.193717 
1e+07  457357 0.155482 

