1.in 3.76069 25.5247 1  3  3  3 56.0742 
2  3  3  3 55.9019 
5  3  3  3 55.6031 
10  3  3  3 55.13 
20  3  3  3 54.1794 
50  3  3  3 14.2943 
100  3  3  3 9.32342 
200  3  3  3 6.43473 
500  3  3  3 4.43855 
1000  3  3  3 3.59595 
2000  3  3  3 2.612 
5000  3  3  3 1.23822 
10000  3  3  3 0.82863 
20000  3  3  3 0.596941 
50000  3  3  3 0.440111 
100000  3  3  3 0.378146 
200000  3  3  3 0.345631 
500000  3  3  3 0.277965 
1e+06  3  3  3 0.242446 
2e+06  3  3  3 0.208443 
5e+06  3  3  3 0.191572 
1e+07  3  3  3 0.166579 

