1.in 4.74406 25.524
1  390393  390393  390393 29.2891 
2  389314  389314  389314 20.0907 
5  386792  386792  386792 12.8169 
10  382260  382260  382260 9.37188 
20  373326  373326  373326 7.00978 
50  342848  342848  342848 36.2079 
100  297697  297697  297697 21.8926 
200  259100  259100  259100 13.5898 
500  200695  200695  200695 8.37309 
1000  162154  162154  162154 6.33701 
2000  130761  130761  130761 5.16324 
5000  101332  101332  101332 2.95375 
10000  85473  85473  85473 1.75342 
20000  73098  73098  73098 1.07951 
50000  63619  63619  63619 0.583671 
100000  58884  58884  58884 0.366027 
200000  56230  56230  56230 0.2541 
500000  54655  54655  54655 0.171688 
1e+06  51919  51919  51919 0.133649 
2e+06  49675  49675  49675 0.112108 
5e+06  44957  44957  44957 0.093744 
1e+07  44928  44928  44928 0.096481 

