1.in 278.443 25.5247 1  3  3  3 50.371 
2  3  3  3 50.7307 
5  3  3  3 50.258 
10  3  3  3 49.9074 
20  3  3  3 49.3078 
50  3  3  3 49.9882 
100  3  3  3 48.8151 
200  3  3  3 47.8804 
500  3  3  3 46.9501 
1000  3  3  3 45.4187 
2000  3  3  3 45.0455 
5000  3  3  3 43.927 
10000  3  3  3 41.8268 
20000  3  3  3 40.8365 
50000  3  3  3 38.264 
100000  3  3  3 35.9044 
200000  3  3  3 33.876 
500000  3  3  3 27.8714 
1e+06  3  3  3 23.5368 
2e+06  3  3  3 19.263 
5e+06  3  3  3 14.3197 
1e+07  3  3  3 11.8187 

