1.in 247.385 25.524
1  390393  390393  390393 19.2259 
2  389314  389314  389314 12.0887 
5  386792  386792  386792 7.42479 
10  382260  382260  382260 5.27967 
20  373326  373326  373326 4.00008 
50  342848  342848  342848 11.3478 
100  297697  297697  297697 8.30284 
200  259100  259100  259100 6.53933 
500  200695  200695  200695 5.31305 
1000  162154  162154  162154 4.80298 
2000  130761  130761  130761 4.519 
5000  101332  101332  101332 4.248 
10000  85473  85473  85473 4.07939 
20000  73098  73098  73098 3.95989 
50000  63619  63619  63619 3.81462 
100000  58884  58884  58884 3.76806 
200000  56230  56230  56230 3.68444 
500000  54655  54655  54655 3.6518 
1e+06  51919  51919  51919 3.63076 
2e+06  49675  49675  49675 3.59438 
5e+06  44957  44957  44957 3.5641 
1e+07  44928  44928  44928 3.55755 

