1.in 5.6198 25.5247 
1  457357 49.3903 
2  457357 46.1594 
5  457357 48.2215 
10  457357 48.063 
20  457357 48.7879 
50  457357 14.7486 
100  457357 9.93824 
200  457357 6.64527 
500  457357 4.46082 
1000  457357 3.51949 
2000  457357 2.55281 
5000  457357 1.21818 
10000  457357 0.819348 
20000  457357 0.557265 
50000  457357 0.398196 
100000  457357 0.373467 
200000  457357 0.314381 
500000  457357 0.244961 
1e+06  457357 0.212191 
2e+06  457357 0.192573 
5e+06  457357 0.198056 
1e+07  457357 0.160647 

