1.in 287.619 25.5247 
1  457358 625.879 
2  457358 580.235 
5  457358 547.806 
10  457358 541.945 
20  457358 537.122 
50  457358 520.343 
100  457358 501.563 
200  457358 473.972 
500  457358 446.995 
1000  457358 431.62 
2000  457358 415.133 
5000  457358 377.375 
10000  457358 332.605 
20000  457358 292.291 
50000  457358 248.597 
100000  457358 212.899 
200000  457358 172.916 
500000  457358 109.465 
1e+06  457358 67.7789 
2e+06  457358 41.3147 
5e+06  457358 23.0993 
1e+07  457358 16.3021 

